13:06:37.584 logback [main] INFO  c.r.p.admin.ProjectAdminApplication - Starting ProjectAdminApplication using Java 1.8.0_181 on bogon with PID 69509 (/Users/rick/jkxyx205/project/project-admin/target/classes started by rick in /Users/rick/jkxyx205/project)
13:06:37.588 logback [main] DEBUG c.r.p.admin.ProjectAdminApplication - Running with Spring Boot v2.5.4, Spring v5.3.9
13:06:37.589 logback [main] INFO  c.r.p.admin.ProjectAdminApplication - The following profiles are active: dev,dict
13:06:39.148 logback [main] WARN  o.m.s.mapper.ClassPathMapperScanner - No MyBatis mapper was found in '[com.rick.project.admin]' package. Please check your configuration.
13:06:39.770 logback [main] INFO  o.a.coyote.http11.Http11NioProtocol - Initializing ProtocolHandler ["http-nio-7000"]
13:06:39.771 logback [main] INFO  o.a.catalina.core.StandardService - Starting service [Tomcat]
13:06:39.771 logback [main] INFO  o.a.catalina.core.StandardEngine - Starting Servlet engine: [Apache Tomcat/9.0.52]
13:06:39.897 logback [main] INFO  o.a.c.c.C.[Tomcat].[localhost].[/] - Initializing Spring embedded WebApplicationContext
13:06:39.981 logback [main] DEBUG i.m.c.u.i.l.InternalLoggerFactory - Using SLF4J as the default logging framework
13:06:40.747 logback [main] DEBUG org.ehcache.core.spi.ServiceLocator - Starting 21 Services...
13:06:40.753 logback [main] DEBUG o.e.i.p.DefaultLocalPersistenceService - RootDirectory Locked
13:06:40.758 logback [main] DEBUG o.e.c.s.DefaultStatisticsService - Starting service
13:06:40.758 logback [main] DEBUG org.ehcache.core.spi.ServiceLocator - All Services successfully started, 21 Services in 11ms
13:06:40.759 logback [main] DEBUG org.ehcache.core.EhcacheManager - Creating Cache 'loginMaxTry' in EhcacheManager.
13:06:40.761 logback [main] DEBUG o.e.i.i.s.s.DefaultSerializationProvider - Serializer for <java.lang.String> : org.ehcache.impl.serialization.StringSerializer@151ab2b9
13:06:40.763 logback [main] DEBUG o.e.i.i.s.s.DefaultSerializationProvider - Serializer for <java.lang.Integer> : org.ehcache.impl.serialization.IntegerSerializer@193bb809
13:06:40.773 logback [main] DEBUG o.e.i.i.spi.copy.DefaultCopyProvider - Copier for <java.lang.String> : org.ehcache.impl.copy.IdentityCopier@422ad5e2
13:06:40.773 logback [main] DEBUG o.e.i.i.spi.copy.DefaultCopyProvider - Copier for <java.lang.Integer> : org.ehcache.impl.copy.IdentityCopier@62a54948
13:06:40.783 logback [main] DEBUG o.e.i.i.store.heap.OnHeapStore - TTL expiration strategy detected
13:06:40.890 logback [main] INFO  o.e.s.o.t.o.p.UpfrontAllocatingPageSource - Allocating 1MB in chunks
13:06:40.892 logback [pool-2-thread-1] DEBUG o.e.s.o.t.o.p.UpfrontAllocatingPageSource - 1MB chunk allocated
13:06:40.892 logback [main] DEBUG o.e.s.o.t.o.p.UpfrontAllocatingPageSource - Took 2 ms to create off-heap storage of 1MB.
13:06:40.926 logback [main] DEBUG o.e.s.o.t.o.p.UpfrontAllocatingPageSource - Allocating a 32B buffer from chunk 0 &0
13:06:40.927 logback [main] DEBUG o.e.s.o.t.o.p.UpfrontAllocatingPageSource - Allocating a 32B buffer from chunk 0 &32
13:06:40.928 logback [main] DEBUG o.e.s.o.t.o.p.UpfrontAllocatingPageSource - Allocating a 32B buffer from chunk 0 &64
13:06:40.928 logback [main] DEBUG o.e.s.o.t.o.p.UpfrontAllocatingPageSource - Allocating a 32B buffer from chunk 0 &96
13:06:40.929 logback [main] DEBUG o.e.s.o.t.o.p.UpfrontAllocatingPageSource - Allocating a 32B buffer from chunk 0 &128
13:06:40.929 logback [main] DEBUG o.e.s.o.t.o.p.UpfrontAllocatingPageSource - Allocating a 32B buffer from chunk 0 &160
13:06:40.930 logback [main] DEBUG o.e.s.o.t.o.p.UpfrontAllocatingPageSource - Allocating a 32B buffer from chunk 0 &192
13:06:40.930 logback [main] DEBUG o.e.s.o.t.o.p.UpfrontAllocatingPageSource - Allocating a 32B buffer from chunk 0 &224
13:06:40.930 logback [main] DEBUG o.e.s.o.t.o.p.UpfrontAllocatingPageSource - Allocating a 32B buffer from chunk 0 &256
13:06:40.930 logback [main] DEBUG o.e.s.o.t.o.p.UpfrontAllocatingPageSource - Allocating a 32B buffer from chunk 0 &288
13:06:40.931 logback [main] DEBUG o.e.s.o.t.o.p.UpfrontAllocatingPageSource - Allocating a 32B buffer from chunk 0 &320
13:06:40.931 logback [main] DEBUG o.e.s.o.t.o.p.UpfrontAllocatingPageSource - Allocating a 32B buffer from chunk 0 &352
13:06:40.931 logback [main] DEBUG o.e.s.o.t.o.p.UpfrontAllocatingPageSource - Allocating a 32B buffer from chunk 0 &384
13:06:40.931 logback [main] DEBUG o.e.s.o.t.o.p.UpfrontAllocatingPageSource - Allocating a 32B buffer from chunk 0 &416
13:06:40.931 logback [main] DEBUG o.e.s.o.t.o.p.UpfrontAllocatingPageSource - Allocating a 32B buffer from chunk 0 &448
13:06:40.931 logback [main] DEBUG o.e.s.o.t.o.p.UpfrontAllocatingPageSource - Allocating a 32B buffer from chunk 0 &480
13:06:40.931 logback [main] DEBUG c.ehcache.core.Ehcache-loginMaxTry - Initialize successful.
13:06:40.931 logback [main] INFO  org.ehcache.core.EhcacheManager - Cache 'loginMaxTry' created in EhcacheManager.
13:06:40.932 logback [main] DEBUG org.ehcache.core.EhcacheManager - Creating Cache 'acUser' in EhcacheManager.
13:06:40.932 logback [main] DEBUG o.e.i.i.s.s.DefaultSerializationProvider - Serializer for <java.lang.String> : org.ehcache.impl.serialization.StringSerializer@11ede87f
13:06:40.932 logback [main] DEBUG o.e.i.i.s.s.DefaultSerializationProvider - Serializer for <com.rick.project.admin.auth.model.UserDTO> : org.ehcache.impl.serialization.PlainJavaSerializer@44e4cb76
13:06:40.932 logback [main] DEBUG o.e.i.i.spi.copy.DefaultCopyProvider - Copier for <java.lang.String> : org.ehcache.impl.copy.IdentityCopier@51cab489
13:06:40.932 logback [main] DEBUG o.e.i.i.spi.copy.DefaultCopyProvider - Copier for <com.rick.project.admin.auth.model.UserDTO> : org.ehcache.impl.copy.IdentityCopier@2f9a10df
13:06:40.932 logback [main] DEBUG o.e.i.i.store.heap.OnHeapStore - TTL expiration strategy detected
13:06:40.937 logback [main] INFO  o.e.s.o.t.o.p.UpfrontAllocatingPageSource - Allocating 1MB in chunks
13:06:40.938 logback [pool-3-thread-1] DEBUG o.e.s.o.t.o.p.UpfrontAllocatingPageSource - 1MB chunk allocated
13:06:40.938 logback [main] DEBUG o.e.s.o.t.o.p.UpfrontAllocatingPageSource - Took 1 ms to create off-heap storage of 1MB.
13:06:40.938 logback [main] DEBUG o.e.s.o.t.o.p.UpfrontAllocatingPageSource - Allocating a 32B buffer from chunk 0 &0
13:06:40.938 logback [main] DEBUG o.e.s.o.t.o.p.UpfrontAllocatingPageSource - Allocating a 32B buffer from chunk 0 &32
13:06:40.939 logback [main] DEBUG o.e.s.o.t.o.p.UpfrontAllocatingPageSource - Allocating a 32B buffer from chunk 0 &64
13:06:40.939 logback [main] DEBUG o.e.s.o.t.o.p.UpfrontAllocatingPageSource - Allocating a 32B buffer from chunk 0 &96
13:06:40.939 logback [main] DEBUG o.e.s.o.t.o.p.UpfrontAllocatingPageSource - Allocating a 32B buffer from chunk 0 &128
13:06:40.939 logback [main] DEBUG o.e.s.o.t.o.p.UpfrontAllocatingPageSource - Allocating a 32B buffer from chunk 0 &160
13:06:40.939 logback [main] DEBUG o.e.s.o.t.o.p.UpfrontAllocatingPageSource - Allocating a 32B buffer from chunk 0 &192
13:06:40.939 logback [main] DEBUG o.e.s.o.t.o.p.UpfrontAllocatingPageSource - Allocating a 32B buffer from chunk 0 &224
13:06:40.939 logback [main] DEBUG o.e.s.o.t.o.p.UpfrontAllocatingPageSource - Allocating a 32B buffer from chunk 0 &256
13:06:40.940 logback [main] DEBUG o.e.s.o.t.o.p.UpfrontAllocatingPageSource - Allocating a 32B buffer from chunk 0 &288
13:06:40.940 logback [main] DEBUG o.e.s.o.t.o.p.UpfrontAllocatingPageSource - Allocating a 32B buffer from chunk 0 &320
13:06:40.940 logback [main] DEBUG o.e.s.o.t.o.p.UpfrontAllocatingPageSource - Allocating a 32B buffer from chunk 0 &352
13:06:40.940 logback [main] DEBUG o.e.s.o.t.o.p.UpfrontAllocatingPageSource - Allocating a 32B buffer from chunk 0 &384
13:06:40.940 logback [main] DEBUG o.e.s.o.t.o.p.UpfrontAllocatingPageSource - Allocating a 32B buffer from chunk 0 &416
13:06:40.940 logback [main] DEBUG o.e.s.o.t.o.p.UpfrontAllocatingPageSource - Allocating a 32B buffer from chunk 0 &448
13:06:40.940 logback [main] DEBUG o.e.s.o.t.o.p.UpfrontAllocatingPageSource - Allocating a 32B buffer from chunk 0 &480
13:06:40.941 logback [main] DEBUG c.ehcache.core.Ehcache-acUser - Initialize successful.
13:06:40.941 logback [main] INFO  org.ehcache.core.EhcacheManager - Cache 'acUser' created in EhcacheManager.
13:06:40.941 logback [main] DEBUG o.e.c.s.DefaultStatisticsService - Moving from UNINITIALIZED to AVAILABLE
13:06:40.942 logback [main] DEBUG o.e.c.s.DefaultStatisticsService - Cache added loginMaxTry
13:06:40.952 logback [main] DEBUG o.e.c.s.DefaultStatisticsService - Cache added acUser
13:06:40.955 logback [main] DEBUG org.ehcache.core.EhcacheManager - Initialize successful.
13:06:40.985 logback [main] INFO  org.ehcache.jsr107.Eh107CacheManager - Registering Ehcache MBean javax.cache:type=CacheStatistics,CacheManager=file./Users/rick/jkxyx205/project/project-admin/target/classes/ehcache.xml,Cache=loginMaxTry
13:06:40.987 logback [main] INFO  org.ehcache.jsr107.Eh107CacheManager - Registering Ehcache MBean javax.cache:type=CacheStatistics,CacheManager=file./Users/rick/jkxyx205/project/project-admin/target/classes/ehcache.xml,Cache=acUser
13:06:41.052 logback [main] DEBUG c.r.p.a.a.v.image.ValidateFilter - Filter 'validateFilter' configured for use
13:06:41.080 logback [main] INFO  org.ehcache.jsr107.Eh107CacheManager - Registering Ehcache MBean javax.cache:type=CacheStatistics,CacheManager=file./Users/rick/jkxyx205/project/project-admin/target/classes/ehcache.xml,Cache=loginMaxTry
13:06:41.080 logback [main] INFO  org.ehcache.jsr107.Eh107CacheManager - Registering Ehcache MBean javax.cache:type=CacheStatistics,CacheManager=file./Users/rick/jkxyx205/project/project-admin/target/classes/ehcache.xml,Cache=acUser
13:06:41.106 logback [main] DEBUG com.zaxxer.hikari.HikariConfig - Driver class com.mysql.jdbc.Driver found in Thread context class loader sun.misc.Launcher$AppClassLoader@18b4aac2
13:06:41.131 logback [main] DEBUG com.zaxxer.hikari.HikariConfig - HikariPool-1 - configuration:
13:06:41.133 logback [main] DEBUG com.zaxxer.hikari.HikariConfig - allowPoolSuspension................................false
13:06:41.134 logback [main] DEBUG com.zaxxer.hikari.HikariConfig - autoCommit................................true
13:06:41.134 logback [main] DEBUG com.zaxxer.hikari.HikariConfig - catalog................................none
13:06:41.134 logback [main] DEBUG com.zaxxer.hikari.HikariConfig - connectionInitSql................................none
13:06:41.134 logback [main] DEBUG com.zaxxer.hikari.HikariConfig - connectionTestQuery................................none
13:06:41.134 logback [main] DEBUG com.zaxxer.hikari.HikariConfig - connectionTimeout................................30000
13:06:41.134 logback [main] DEBUG com.zaxxer.hikari.HikariConfig - dataSource................................none
13:06:41.134 logback [main] DEBUG com.zaxxer.hikari.HikariConfig - dataSourceClassName................................none
13:06:41.134 logback [main] DEBUG com.zaxxer.hikari.HikariConfig - dataSourceJNDI................................none
13:06:41.134 logback [main] DEBUG com.zaxxer.hikari.HikariConfig - dataSourceProperties................................{password=<masked>}
13:06:41.135 logback [main] DEBUG com.zaxxer.hikari.HikariConfig - driverClassName................................"com.mysql.jdbc.Driver"
13:06:41.135 logback [main] DEBUG com.zaxxer.hikari.HikariConfig - exceptionOverrideClassName................................none
13:06:41.135 logback [main] DEBUG com.zaxxer.hikari.HikariConfig - healthCheckProperties................................{}
13:06:41.135 logback [main] DEBUG com.zaxxer.hikari.HikariConfig - healthCheckRegistry................................none
13:06:41.135 logback [main] DEBUG com.zaxxer.hikari.HikariConfig - idleTimeout................................600000
13:06:41.135 logback [main] DEBUG com.zaxxer.hikari.HikariConfig - initializationFailTimeout................................1
13:06:41.135 logback [main] DEBUG com.zaxxer.hikari.HikariConfig - isolateInternalQueries................................false
13:06:41.135 logback [main] DEBUG com.zaxxer.hikari.HikariConfig - jdbcUrl................................jdbc:mysql://localhost:3306/project_demo?useSSL=false&useUnicode=true&characterEncoding=utf-8
13:06:41.135 logback [main] DEBUG com.zaxxer.hikari.HikariConfig - keepaliveTime................................0
13:06:41.135 logback [main] DEBUG com.zaxxer.hikari.HikariConfig - leakDetectionThreshold................................0
13:06:41.135 logback [main] DEBUG com.zaxxer.hikari.HikariConfig - maxLifetime................................1800000
13:06:41.135 logback [main] DEBUG com.zaxxer.hikari.HikariConfig - maximumPoolSize................................10
13:06:41.135 logback [main] DEBUG com.zaxxer.hikari.HikariConfig - metricRegistry................................none
13:06:41.136 logback [main] DEBUG com.zaxxer.hikari.HikariConfig - metricsTrackerFactory................................none
13:06:41.136 logback [main] DEBUG com.zaxxer.hikari.HikariConfig - minimumIdle................................10
13:06:41.136 logback [main] DEBUG com.zaxxer.hikari.HikariConfig - password................................<masked>
13:06:41.136 logback [main] DEBUG com.zaxxer.hikari.HikariConfig - poolName................................"HikariPool-1"
13:06:41.136 logback [main] DEBUG com.zaxxer.hikari.HikariConfig - readOnly................................false
13:06:41.136 logback [main] DEBUG com.zaxxer.hikari.HikariConfig - registerMbeans................................false
13:06:41.136 logback [main] DEBUG com.zaxxer.hikari.HikariConfig - scheduledExecutor................................none
13:06:41.136 logback [main] DEBUG com.zaxxer.hikari.HikariConfig - schema................................none
13:06:41.136 logback [main] DEBUG com.zaxxer.hikari.HikariConfig - threadFactory................................internal
13:06:41.136 logback [main] DEBUG com.zaxxer.hikari.HikariConfig - transactionIsolation................................default
13:06:41.136 logback [main] DEBUG com.zaxxer.hikari.HikariConfig - username................................"root"
13:06:41.136 logback [main] DEBUG com.zaxxer.hikari.HikariConfig - validationTimeout................................5000
13:06:41.136 logback [main] INFO  com.zaxxer.hikari.HikariDataSource - HikariPool-1 - Starting...
13:06:41.389 logback [main] DEBUG com.zaxxer.hikari.pool.HikariPool - HikariPool-1 - Added connection com.mysql.jdbc.JDBC4Connection@6c951ada
13:06:41.390 logback [main] INFO  com.zaxxer.hikari.HikariDataSource - HikariPool-1 - Start completed.
13:06:41.475 logback [main] DEBUG org.jboss.logging - Logging Provider: org.jboss.logging.Log4j2LoggerProvider
13:06:41.490 logback [HikariPool-1 housekeeper] DEBUG com.zaxxer.hikari.pool.HikariPool - HikariPool-1 - Pool stats (total=1, active=0, idle=1, waiting=0)
13:06:41.502 logback [HikariPool-1 connection adder] DEBUG com.zaxxer.hikari.pool.HikariPool - HikariPool-1 - Added connection com.mysql.jdbc.JDBC4Connection@657203b1
13:06:41.513 logback [HikariPool-1 connection adder] DEBUG com.zaxxer.hikari.pool.HikariPool - HikariPool-1 - Added connection com.mysql.jdbc.JDBC4Connection@55dfcfe
13:06:41.522 logback [main] INFO  o.h.jpa.internal.util.LogHelper - HHH000204: Processing PersistenceUnitInfo [name: default]
13:06:41.524 logback [HikariPool-1 connection adder] DEBUG com.zaxxer.hikari.pool.HikariPool - HikariPool-1 - Added connection com.mysql.jdbc.JDBC4Connection@113051a
13:06:41.533 logback [HikariPool-1 connection adder] DEBUG com.zaxxer.hikari.pool.HikariPool - HikariPool-1 - Added connection com.mysql.jdbc.JDBC4Connection@370b30ed
13:06:41.542 logback [HikariPool-1 connection adder] DEBUG com.zaxxer.hikari.pool.HikariPool - HikariPool-1 - Added connection com.mysql.jdbc.JDBC4Connection@2d835e44
13:06:41.564 logback [HikariPool-1 connection adder] DEBUG com.zaxxer.hikari.pool.HikariPool - HikariPool-1 - Added connection com.mysql.jdbc.JDBC4Connection@4c618db2
13:06:41.576 logback [HikariPool-1 connection adder] DEBUG com.zaxxer.hikari.pool.HikariPool - HikariPool-1 - Added connection com.mysql.jdbc.JDBC4Connection@65d0d21d
13:06:41.586 logback [HikariPool-1 connection adder] DEBUG com.zaxxer.hikari.pool.HikariPool - HikariPool-1 - Added connection com.mysql.jdbc.JDBC4Connection@115f254
13:06:41.604 logback [HikariPool-1 connection adder] DEBUG com.zaxxer.hikari.pool.HikariPool - HikariPool-1 - Added connection com.mysql.jdbc.JDBC4Connection@5ce8c77a
13:06:41.605 logback [HikariPool-1 connection adder] DEBUG com.zaxxer.hikari.pool.HikariPool - HikariPool-1 - After adding stats (total=10, active=0, idle=10, waiting=0)
13:06:41.608 logback [main] INFO  org.hibernate.Version - HHH000412: Hibernate ORM core version 5.4.32.Final
13:06:41.843 logback [main] INFO  o.h.annotations.common.Version - HCANN000001: Hibernate Commons Annotations {5.1.2.Final}
13:06:41.976 logback [main] INFO  org.hibernate.dialect.Dialect - HHH000400: Using dialect: org.hibernate.dialect.MySQL5InnoDBDialect
13:06:42.782 logback [main] INFO  o.h.e.t.j.p.i.JtaPlatformInitiator - HHH000490: Using JtaPlatform implementation: [org.hibernate.engine.transaction.jta.platform.internal.NoJtaPlatform]
13:06:43.727 logback [main] DEBUG com.rick.db.service.SharpService - SQL=> [SELECT type, name, label, sort FROM sys_dict ], args:=> [{}]
13:06:43.755 logback [main] DEBUG com.rick.db.service.SharpService - SQL=> [select username, name from sys_user order by id asc], args:=> [{}]
13:06:44.238 logback [main] DEBUG _.s.w.s.HandlerMapping.Mappings - 
	c.r.p.a.a.c.AuthController:
	{GET [/login]}: login(Principal)
	{POST [/password/{userId}/reset]}: updatePassword(String)
	{POST [/password/update]}: updatePassword(UserDTO,Principal)
	{GET [/password/check]}: checkPassword(String,Principal)
	{GET [/auth]}: gotoAuthPage(Model)
	{GET [/auth/{roleId}/info]}: getPermissionNodesByRoleId(Long)
	{GET [/auth/permission]}: getPermissionNodesByUserId(String)
	{POST [/auth/assign/role/{roleId}/user]}: assignAuthUser(Long,Set)
	{POST [/auth/assign/role/{roleId}/permission]}: assignAuthPermission(Long,Set)
	{POST [/auth/add/roles]}: editAuthRole(List)
	{POST [/auth/assign/role/{roleId}/{userId}]}: removeUserRoleAuth(Long,String)
13:06:44.242 logback [main] DEBUG _.s.w.s.HandlerMapping.Mappings - 
	c.r.p.a.a.c.CaptchaController:
	{GET [/kaptcha]}: kaptcha(HttpSession,HttpServletResponse)
13:06:44.243 logback [main] DEBUG _.s.w.s.HandlerMapping.Mappings - 
	c.r.p.a.a.c.UserController:
	{GET [/users/list]}: list(HttpServletRequest)
	{GET [/users/page]}: gotoUserPage()
13:06:44.246 logback [main] DEBUG _.s.w.s.HandlerMapping.Mappings - 
	o.s.b.a.w.s.e.BasicErrorController:
	{ [/error]}: error(HttpServletRequest)
	{ [/error], produces [text/html]}: errorHtml(HttpServletRequest,HttpServletResponse)
13:06:44.289 logback [main] DEBUG _.s.w.s.HandlerMapping.Mappings - 'viewControllerHandlerMapping' {/home=ParameterizableViewController [view="index"], /index=ParameterizableViewController [view="index"], /forbidden=ParameterizableViewController [view="error/forbidden"], /error/index=ParameterizableViewController [view="error/index"], /releases=ParameterizableViewController [view="changeLog"], /=ParameterizableViewController [view="index"]}
13:06:44.300 logback [main] DEBUG _.s.w.s.HandlerMapping.Mappings - 'beanNameHandlerMapping' {}
13:06:44.325 logback [main] DEBUG _.s.w.s.HandlerMapping.Mappings - 'resourceHandlerMapping' {/webjars/**=ResourceHttpRequestHandler [Classpath [META-INF/resources/webjars/]], /**=ResourceHttpRequestHandler [Classpath [META-INF/resources/], Classpath [resources/], Classpath [static/], Classpath [public/], ServletContext [/]]}
13:06:44.961 logback [main] INFO  o.a.coyote.http11.Http11NioProtocol - Starting ProtocolHandler ["http-nio-7000"]
13:06:45.006 logback [main] INFO  c.r.p.admin.ProjectAdminApplication - Started ProjectAdminApplication in 8.257 seconds (JVM running for 9.163)
13:06:45.230 logback [RMI TCP Connection(2)-192.168.0.105] INFO  o.a.c.c.C.[Tomcat].[localhost].[/] - Initializing Spring DispatcherServlet 'dispatcherServlet'
13:06:50.148 logback [http-nio-7000-exec-2] INFO  c.r.p.a.a.f.UrlHandlerInterceptor - VISIT: 用户anon-anno访问地址/login, method=GET, ip=127.0.0.1, 设备类型=[LiteDevice type=NORMAL], 参数= params => {}
13:06:53.481 logback [http-nio-7000-exec-8] DEBUG o.e.s.o.t.o.p.UpfrontAllocatingPageSource - Allocating a 2KB buffer from chunk 0 &1046528
13:06:53.484 logback [http-nio-7000-exec-8] DEBUG o.e.s.o.t.o.p.OffHeapStorageArea - Data area expanded from 2KB to 4KB [occupation=0.0]
13:06:53.494 logback [http-nio-7000-exec-8] DEBUG com.rick.db.service.SharpService - SQL=> [SELECT id, username, password, name, status FROM sys_user WHERE username = :username], args:=> [{username=jkxyx205}]
13:06:53.982 logback [http-nio-7000-exec-8] INFO  c.r.p.a.a.a.AcAuthenticationSuccessHandler - LOGIN:用户jkxyx205进入系统,ip:127.0.0.1,device=UNKNOWN
13:06:53.991 logback [http-nio-7000-exec-2] INFO  c.r.p.a.a.f.UrlHandlerInterceptor - VISIT: 用户jkxyx205-Rick访问地址/, method=GET, ip=127.0.0.1, 设备类型=[LiteDevice type=NORMAL], 参数= params => {}
13:06:54.433 logback [http-nio-7000-exec-3] INFO  c.r.p.a.a.f.UrlHandlerInterceptor - VISIT: 用户jkxyx205-Rick访问地址/auth, method=GET, ip=127.0.0.1, 设备类型=[LiteDevice type=NORMAL], 参数= params => {}
13:06:54.437 logback [http-nio-7000-exec-3] DEBUG com.rick.db.service.SharpService - SQL=> [SELECT id, name, value
FROM sys_auth_role
ORDER BY sort ASC], args:=> [{}]
13:06:54.458 logback [http-nio-7000-exec-3] DEBUG com.rick.db.service.SharpService - SQL=> [SELECT p.id, p.name, pid as "pId", 1 as open
   FROM sys_auth_permission p
  iNNer JOIN sys_auth_role_permission rp
     ON p.id = rp.permission_id
  iNNer JOIN sys_auth_role r
     ON r.id = rp.role_id WHERE r.id = :roleId and p.is_deleted = '0' order by p.sort asc], args:=> [{roleId=1}]
13:06:54.466 logback [http-nio-7000-exec-3] DEBUG com.rick.db.service.SharpService - SQL=> [SELECT
    id, u.username, u.name
FROM
    sys_auth_user_role ur
        INNER JOIN sys_user u ON ur.user_id = u.id WHERE
        role_id = :roleId
ORDER BY
    id], args:=> [{roleId=1}]
13:06:54.473 logback [http-nio-7000-exec-3] DEBUG com.rick.db.service.SharpService - SQL=> [SELECT id, username, password, name, status FROM sys_user], args:=> [{}]
13:06:54.477 logback [http-nio-7000-exec-3] DEBUG com.rick.db.service.SharpService - SQL=> [SELECT
	p.id,
	p.name,
	pid AS "pId",
	1 AS OPEN
FROM
	sys_auth_permission p WHERE
	is_deleted = '0'
ORDER BY
	p.sort ASC], args:=> [{}]
13:06:56.917 logback [http-nio-7000-exec-7] INFO  c.r.p.a.a.f.UrlHandlerInterceptor - VISIT: 用户jkxyx205-Rick访问地址/users/page, method=GET, ip=127.0.0.1, 设备类型=[LiteDevice type=NORMAL], 参数= params => {}
13:06:57.213 logback [http-nio-7000-exec-6] INFO  c.r.p.a.a.f.UrlHandlerInterceptor - VISIT: 用户jkxyx205-Rick访问地址/users/list, method=GET, ip=127.0.0.1, 设备类型=[LiteDevice type=NORMAL], 参数= params => {page=1, sidx=username, sord=asc}
13:06:57.241 logback [http-nio-7000-exec-6] DEBUG com.rick.db.service.SharpService - SQL=> [SELECT COUNT(0) FROM (SELECT id, username, name, status FROM sys_user ) temp], args:=> [{}]
13:06:57.255 logback [http-nio-7000-exec-6] DEBUG com.rick.db.service.SharpService - SQL=> [SELECT id, username, name, status FROM sys_user ], args:=> [{}]
13:06:57.255 logback [http-nio-7000-exec-6] DEBUG com.rick.db.service.GridService - SQL=> [SELECT * FROM (SELECT id, username, name, status FROM sys_user ) temp_ ORDER BY temp_.username asc limit 0,15], args:=> [{}]
13:07:11.496 logback [HikariPool-1 housekeeper] DEBUG com.zaxxer.hikari.pool.HikariPool - HikariPool-1 - Pool stats (total=10, active=0, idle=10, waiting=0)
13:07:11.499 logback [HikariPool-1 housekeeper] DEBUG com.zaxxer.hikari.pool.HikariPool - HikariPool-1 - Fill pool skipped, pool is at sufficient level.
13:07:14.232 logback [http-nio-7000-exec-2] INFO  c.r.p.a.a.f.UrlHandlerInterceptor - VISIT: 用户jkxyx205-Rick访问地址/, method=GET, ip=127.0.0.1, 设备类型=[LiteDevice type=NORMAL], 参数= params => {}
13:07:15.643 logback [http-nio-7000-exec-8] INFO  c.r.p.a.a.f.UrlHandlerInterceptor - VISIT: 用户jkxyx205-Rick访问地址/auth, method=GET, ip=127.0.0.1, 设备类型=[LiteDevice type=NORMAL], 参数= params => {}
13:07:15.645 logback [http-nio-7000-exec-8] DEBUG com.rick.db.service.SharpService - SQL=> [SELECT id, name, value
FROM sys_auth_role
ORDER BY sort ASC], args:=> [{}]
13:07:15.651 logback [http-nio-7000-exec-8] DEBUG com.rick.db.service.SharpService - SQL=> [SELECT p.id, p.name, pid as "pId", 1 as open
   FROM sys_auth_permission p
  iNNer JOIN sys_auth_role_permission rp
     ON p.id = rp.permission_id
  iNNer JOIN sys_auth_role r
     ON r.id = rp.role_id WHERE r.id = :roleId and p.is_deleted = '0' order by p.sort asc], args:=> [{roleId=1}]
13:07:15.655 logback [http-nio-7000-exec-8] DEBUG com.rick.db.service.SharpService - SQL=> [SELECT
    id, u.username, u.name
FROM
    sys_auth_user_role ur
        INNER JOIN sys_user u ON ur.user_id = u.id WHERE
        role_id = :roleId
ORDER BY
    id], args:=> [{roleId=1}]
13:07:15.658 logback [http-nio-7000-exec-8] DEBUG com.rick.db.service.SharpService - SQL=> [SELECT id, username, password, name, status FROM sys_user], args:=> [{}]
13:07:15.662 logback [http-nio-7000-exec-8] DEBUG com.rick.db.service.SharpService - SQL=> [SELECT
	p.id,
	p.name,
	pid AS "pId",
	1 AS OPEN
FROM
	sys_auth_permission p WHERE
	is_deleted = '0'
ORDER BY
	p.sort ASC], args:=> [{}]
13:07:17.918 logback [http-nio-7000-exec-8] INFO  c.r.p.a.a.f.UrlHandlerInterceptor - VISIT: 用户jkxyx205-Rick访问地址/users/page, method=GET, ip=127.0.0.1, 设备类型=[LiteDevice type=NORMAL], 参数= params => {}
13:07:18.442 logback [http-nio-7000-exec-8] INFO  c.r.p.a.a.f.UrlHandlerInterceptor - VISIT: 用户jkxyx205-Rick访问地址/users/list, method=GET, ip=127.0.0.1, 设备类型=[LiteDevice type=NORMAL], 参数= params => {page=1, sidx=username, sord=asc}
13:07:18.445 logback [http-nio-7000-exec-8] DEBUG com.rick.db.service.SharpService - SQL=> [SELECT COUNT(0) FROM (SELECT id, username, name, status FROM sys_user ) temp], args:=> [{}]
13:07:18.449 logback [http-nio-7000-exec-8] DEBUG com.rick.db.service.SharpService - SQL=> [SELECT id, username, name, status FROM sys_user ], args:=> [{}]
13:07:18.450 logback [http-nio-7000-exec-8] DEBUG com.rick.db.service.GridService - SQL=> [SELECT * FROM (SELECT id, username, name, status FROM sys_user ) temp_ ORDER BY temp_.username asc limit 0,15], args:=> [{}]
13:07:41.504 logback [HikariPool-1 housekeeper] DEBUG com.zaxxer.hikari.pool.HikariPool - HikariPool-1 - Pool stats (total=10, active=0, idle=10, waiting=0)
13:07:41.504 logback [HikariPool-1 housekeeper] DEBUG com.zaxxer.hikari.pool.HikariPool - HikariPool-1 - Fill pool skipped, pool is at sufficient level.
13:08:11.511 logback [HikariPool-1 housekeeper] DEBUG com.zaxxer.hikari.pool.HikariPool - HikariPool-1 - Pool stats (total=10, active=0, idle=10, waiting=0)
13:08:11.511 logback [HikariPool-1 housekeeper] DEBUG com.zaxxer.hikari.pool.HikariPool - HikariPool-1 - Fill pool skipped, pool is at sufficient level.
13:08:41.517 logback [HikariPool-1 housekeeper] DEBUG com.zaxxer.hikari.pool.HikariPool - HikariPool-1 - Pool stats (total=10, active=0, idle=10, waiting=0)
13:08:41.517 logback [HikariPool-1 housekeeper] DEBUG com.zaxxer.hikari.pool.HikariPool - HikariPool-1 - Fill pool skipped, pool is at sufficient level.
13:09:11.522 logback [HikariPool-1 housekeeper] DEBUG com.zaxxer.hikari.pool.HikariPool - HikariPool-1 - Pool stats (total=10, active=0, idle=10, waiting=0)
13:09:11.522 logback [HikariPool-1 housekeeper] DEBUG com.zaxxer.hikari.pool.HikariPool - HikariPool-1 - Fill pool skipped, pool is at sufficient level.
13:09:41.525 logback [HikariPool-1 housekeeper] DEBUG com.zaxxer.hikari.pool.HikariPool - HikariPool-1 - Pool stats (total=10, active=0, idle=10, waiting=0)
13:09:41.525 logback [HikariPool-1 housekeeper] DEBUG com.zaxxer.hikari.pool.HikariPool - HikariPool-1 - Fill pool skipped, pool is at sufficient level.
13:10:11.526 logback [HikariPool-1 housekeeper] DEBUG com.zaxxer.hikari.pool.HikariPool - HikariPool-1 - Pool stats (total=10, active=0, idle=10, waiting=0)
13:10:11.526 logback [HikariPool-1 housekeeper] DEBUG com.zaxxer.hikari.pool.HikariPool - HikariPool-1 - Fill pool skipped, pool is at sufficient level.
13:10:41.530 logback [HikariPool-1 housekeeper] DEBUG com.zaxxer.hikari.pool.HikariPool - HikariPool-1 - Pool stats (total=10, active=0, idle=10, waiting=0)
13:10:41.530 logback [HikariPool-1 housekeeper] DEBUG com.zaxxer.hikari.pool.HikariPool - HikariPool-1 - Fill pool skipped, pool is at sufficient level.
13:11:11.536 logback [HikariPool-1 housekeeper] DEBUG com.zaxxer.hikari.pool.HikariPool - HikariPool-1 - Pool stats (total=10, active=0, idle=10, waiting=0)
13:11:11.537 logback [HikariPool-1 housekeeper] DEBUG com.zaxxer.hikari.pool.HikariPool - HikariPool-1 - Fill pool skipped, pool is at sufficient level.
13:11:41.543 logback [HikariPool-1 housekeeper] DEBUG com.zaxxer.hikari.pool.HikariPool - HikariPool-1 - Pool stats (total=10, active=0, idle=10, waiting=0)
13:11:41.543 logback [HikariPool-1 housekeeper] DEBUG com.zaxxer.hikari.pool.HikariPool - HikariPool-1 - Fill pool skipped, pool is at sufficient level.
13:12:11.545 logback [HikariPool-1 housekeeper] DEBUG com.zaxxer.hikari.pool.HikariPool - HikariPool-1 - Pool stats (total=10, active=0, idle=10, waiting=0)
13:12:11.545 logback [HikariPool-1 housekeeper] DEBUG com.zaxxer.hikari.pool.HikariPool - HikariPool-1 - Fill pool skipped, pool is at sufficient level.
13:12:41.546 logback [HikariPool-1 housekeeper] DEBUG com.zaxxer.hikari.pool.HikariPool - HikariPool-1 - Pool stats (total=10, active=0, idle=10, waiting=0)
13:12:41.546 logback [HikariPool-1 housekeeper] DEBUG com.zaxxer.hikari.pool.HikariPool - HikariPool-1 - Fill pool skipped, pool is at sufficient level.
13:13:11.556 logback [HikariPool-1 housekeeper] DEBUG com.zaxxer.hikari.pool.HikariPool - HikariPool-1 - Pool stats (total=10, active=0, idle=10, waiting=0)
13:13:11.557 logback [HikariPool-1 housekeeper] DEBUG com.zaxxer.hikari.pool.HikariPool - HikariPool-1 - Fill pool skipped, pool is at sufficient level.
13:13:41.565 logback [HikariPool-1 housekeeper] DEBUG com.zaxxer.hikari.pool.HikariPool - HikariPool-1 - Pool stats (total=10, active=0, idle=10, waiting=0)
13:13:41.566 logback [HikariPool-1 housekeeper] DEBUG com.zaxxer.hikari.pool.HikariPool - HikariPool-1 - Fill pool skipped, pool is at sufficient level.
13:14:11.572 logback [HikariPool-1 housekeeper] DEBUG com.zaxxer.hikari.pool.HikariPool - HikariPool-1 - Pool stats (total=10, active=0, idle=10, waiting=0)
13:14:11.572 logback [HikariPool-1 housekeeper] DEBUG com.zaxxer.hikari.pool.HikariPool - HikariPool-1 - Fill pool skipped, pool is at sufficient level.
13:14:41.578 logback [HikariPool-1 housekeeper] DEBUG com.zaxxer.hikari.pool.HikariPool - HikariPool-1 - Pool stats (total=10, active=0, idle=10, waiting=0)
13:14:41.578 logback [HikariPool-1 housekeeper] DEBUG com.zaxxer.hikari.pool.HikariPool - HikariPool-1 - Fill pool skipped, pool is at sufficient level.
13:15:11.586 logback [HikariPool-1 housekeeper] DEBUG com.zaxxer.hikari.pool.HikariPool - HikariPool-1 - Pool stats (total=10, active=0, idle=10, waiting=0)
13:15:11.586 logback [HikariPool-1 housekeeper] DEBUG com.zaxxer.hikari.pool.HikariPool - HikariPool-1 - Fill pool skipped, pool is at sufficient level.
13:15:41.593 logback [HikariPool-1 housekeeper] DEBUG com.zaxxer.hikari.pool.HikariPool - HikariPool-1 - Pool stats (total=10, active=0, idle=10, waiting=0)
13:15:41.593 logback [HikariPool-1 housekeeper] DEBUG com.zaxxer.hikari.pool.HikariPool - HikariPool-1 - Fill pool skipped, pool is at sufficient level.
13:16:11.604 logback [HikariPool-1 housekeeper] DEBUG com.zaxxer.hikari.pool.HikariPool - HikariPool-1 - Pool stats (total=10, active=0, idle=10, waiting=0)
13:16:11.604 logback [HikariPool-1 housekeeper] DEBUG com.zaxxer.hikari.pool.HikariPool - HikariPool-1 - Fill pool skipped, pool is at sufficient level.
13:16:41.614 logback [HikariPool-1 housekeeper] DEBUG com.zaxxer.hikari.pool.HikariPool - HikariPool-1 - Pool stats (total=10, active=0, idle=10, waiting=0)
13:16:41.615 logback [HikariPool-1 housekeeper] DEBUG com.zaxxer.hikari.pool.HikariPool - HikariPool-1 - Fill pool skipped, pool is at sufficient level.
13:17:11.616 logback [HikariPool-1 housekeeper] DEBUG com.zaxxer.hikari.pool.HikariPool - HikariPool-1 - Pool stats (total=10, active=0, idle=10, waiting=0)
13:17:11.616 logback [HikariPool-1 housekeeper] DEBUG com.zaxxer.hikari.pool.HikariPool - HikariPool-1 - Fill pool skipped, pool is at sufficient level.
13:17:41.621 logback [HikariPool-1 housekeeper] DEBUG com.zaxxer.hikari.pool.HikariPool - HikariPool-1 - Pool stats (total=10, active=0, idle=10, waiting=0)
13:17:41.621 logback [HikariPool-1 housekeeper] DEBUG com.zaxxer.hikari.pool.HikariPool - HikariPool-1 - Fill pool skipped, pool is at sufficient level.
13:18:11.629 logback [HikariPool-1 housekeeper] DEBUG com.zaxxer.hikari.pool.HikariPool - HikariPool-1 - Pool stats (total=10, active=0, idle=10, waiting=0)
13:18:11.629 logback [HikariPool-1 housekeeper] DEBUG com.zaxxer.hikari.pool.HikariPool - HikariPool-1 - Fill pool skipped, pool is at sufficient level.
13:18:41.635 logback [HikariPool-1 housekeeper] DEBUG com.zaxxer.hikari.pool.HikariPool - HikariPool-1 - Pool stats (total=10, active=0, idle=10, waiting=0)
13:18:41.636 logback [HikariPool-1 housekeeper] DEBUG com.zaxxer.hikari.pool.HikariPool - HikariPool-1 - Fill pool skipped, pool is at sufficient level.
13:19:11.645 logback [HikariPool-1 housekeeper] DEBUG com.zaxxer.hikari.pool.HikariPool - HikariPool-1 - Pool stats (total=10, active=0, idle=10, waiting=0)
13:19:11.645 logback [HikariPool-1 housekeeper] DEBUG com.zaxxer.hikari.pool.HikariPool - HikariPool-1 - Fill pool skipped, pool is at sufficient level.
13:19:41.654 logback [HikariPool-1 housekeeper] DEBUG com.zaxxer.hikari.pool.HikariPool - HikariPool-1 - Pool stats (total=10, active=0, idle=10, waiting=0)
13:19:41.654 logback [HikariPool-1 housekeeper] DEBUG com.zaxxer.hikari.pool.HikariPool - HikariPool-1 - Fill pool skipped, pool is at sufficient level.
13:20:11.660 logback [HikariPool-1 housekeeper] DEBUG com.zaxxer.hikari.pool.HikariPool - HikariPool-1 - Pool stats (total=10, active=0, idle=10, waiting=0)
13:20:11.661 logback [HikariPool-1 housekeeper] DEBUG com.zaxxer.hikari.pool.HikariPool - HikariPool-1 - Fill pool skipped, pool is at sufficient level.
13:20:41.664 logback [HikariPool-1 housekeeper] DEBUG com.zaxxer.hikari.pool.HikariPool - HikariPool-1 - Pool stats (total=10, active=0, idle=10, waiting=0)
13:20:41.664 logback [HikariPool-1 housekeeper] DEBUG com.zaxxer.hikari.pool.HikariPool - HikariPool-1 - Fill pool skipped, pool is at sufficient level.
13:21:11.669 logback [HikariPool-1 housekeeper] DEBUG com.zaxxer.hikari.pool.HikariPool - HikariPool-1 - Pool stats (total=10, active=0, idle=10, waiting=0)
13:21:11.669 logback [HikariPool-1 housekeeper] DEBUG com.zaxxer.hikari.pool.HikariPool - HikariPool-1 - Fill pool skipped, pool is at sufficient level.
13:21:41.681 logback [HikariPool-1 housekeeper] DEBUG com.zaxxer.hikari.pool.HikariPool - HikariPool-1 - Pool stats (total=10, active=0, idle=10, waiting=0)
13:21:41.681 logback [HikariPool-1 housekeeper] DEBUG com.zaxxer.hikari.pool.HikariPool - HikariPool-1 - Fill pool skipped, pool is at sufficient level.
13:22:11.691 logback [HikariPool-1 housekeeper] DEBUG com.zaxxer.hikari.pool.HikariPool - HikariPool-1 - Pool stats (total=10, active=0, idle=10, waiting=0)
13:22:11.691 logback [HikariPool-1 housekeeper] DEBUG com.zaxxer.hikari.pool.HikariPool - HikariPool-1 - Fill pool skipped, pool is at sufficient level.
13:22:41.700 logback [HikariPool-1 housekeeper] DEBUG com.zaxxer.hikari.pool.HikariPool - HikariPool-1 - Pool stats (total=10, active=0, idle=10, waiting=0)
13:22:41.701 logback [HikariPool-1 housekeeper] DEBUG com.zaxxer.hikari.pool.HikariPool - HikariPool-1 - Fill pool skipped, pool is at sufficient level.
13:23:11.704 logback [HikariPool-1 housekeeper] DEBUG com.zaxxer.hikari.pool.HikariPool - HikariPool-1 - Pool stats (total=10, active=0, idle=10, waiting=0)
13:23:11.704 logback [HikariPool-1 housekeeper] DEBUG com.zaxxer.hikari.pool.HikariPool - HikariPool-1 - Fill pool skipped, pool is at sufficient level.
13:23:41.715 logback [HikariPool-1 housekeeper] DEBUG com.zaxxer.hikari.pool.HikariPool - HikariPool-1 - Pool stats (total=10, active=0, idle=10, waiting=0)
13:23:41.715 logback [HikariPool-1 housekeeper] DEBUG com.zaxxer.hikari.pool.HikariPool - HikariPool-1 - Fill pool skipped, pool is at sufficient level.
13:23:51.106 logback [http-nio-7000-exec-6] INFO  c.r.p.a.a.f.UrlHandlerInterceptor - VISIT: 用户jkxyx205-Rick访问地址/users/list, method=GET, ip=127.0.0.1, 设备类型=[LiteDevice type=NORMAL], 参数= params => {page=1, sidx=username, sord=desc}
13:23:51.108 logback [http-nio-7000-exec-6] DEBUG com.rick.db.service.SharpService - SQL=> [SELECT COUNT(0) FROM (SELECT id, username, name, status FROM sys_user ) temp], args:=> [{}]
13:23:51.111 logback [http-nio-7000-exec-6] DEBUG com.rick.db.service.SharpService - SQL=> [SELECT id, username, name, status FROM sys_user ], args:=> [{}]
13:23:51.111 logback [http-nio-7000-exec-6] DEBUG com.rick.db.service.GridService - SQL=> [SELECT * FROM (SELECT id, username, name, status FROM sys_user ) temp_ ORDER BY temp_.username desc limit 0,15], args:=> [{}]
13:23:52.166 logback [http-nio-7000-exec-7] INFO  c.r.p.a.a.f.UrlHandlerInterceptor - VISIT: 用户jkxyx205-Rick访问地址/users/list, method=GET, ip=127.0.0.1, 设备类型=[LiteDevice type=NORMAL], 参数= params => {page=1, sidx=username, sord=asc}
13:23:52.167 logback [http-nio-7000-exec-7] DEBUG com.rick.db.service.SharpService - SQL=> [SELECT COUNT(0) FROM (SELECT id, username, name, status FROM sys_user ) temp], args:=> [{}]
13:23:52.174 logback [http-nio-7000-exec-7] DEBUG com.rick.db.service.SharpService - SQL=> [SELECT id, username, name, status FROM sys_user ], args:=> [{}]
13:23:52.175 logback [http-nio-7000-exec-7] DEBUG com.rick.db.service.GridService - SQL=> [SELECT * FROM (SELECT id, username, name, status FROM sys_user ) temp_ ORDER BY temp_.username asc limit 0,15], args:=> [{}]
13:24:11.723 logback [HikariPool-1 housekeeper] DEBUG com.zaxxer.hikari.pool.HikariPool - HikariPool-1 - Pool stats (total=10, active=0, idle=10, waiting=0)
13:24:11.723 logback [HikariPool-1 housekeeper] DEBUG com.zaxxer.hikari.pool.HikariPool - HikariPool-1 - Fill pool skipped, pool is at sufficient level.
13:24:41.729 logback [HikariPool-1 housekeeper] DEBUG com.zaxxer.hikari.pool.HikariPool - HikariPool-1 - Pool stats (total=10, active=0, idle=10, waiting=0)
13:24:41.729 logback [HikariPool-1 housekeeper] DEBUG com.zaxxer.hikari.pool.HikariPool - HikariPool-1 - Fill pool skipped, pool is at sufficient level.
13:25:11.733 logback [HikariPool-1 housekeeper] DEBUG com.zaxxer.hikari.pool.HikariPool - HikariPool-1 - Pool stats (total=10, active=0, idle=10, waiting=0)
13:25:11.733 logback [HikariPool-1 housekeeper] DEBUG com.zaxxer.hikari.pool.HikariPool - HikariPool-1 - Fill pool skipped, pool is at sufficient level.
13:25:41.739 logback [HikariPool-1 housekeeper] DEBUG com.zaxxer.hikari.pool.HikariPool - HikariPool-1 - Pool stats (total=10, active=0, idle=10, waiting=0)
13:25:41.740 logback [HikariPool-1 housekeeper] DEBUG com.zaxxer.hikari.pool.HikariPool - HikariPool-1 - Fill pool skipped, pool is at sufficient level.
13:26:11.742 logback [HikariPool-1 housekeeper] DEBUG com.zaxxer.hikari.pool.HikariPool - HikariPool-1 - Pool stats (total=10, active=0, idle=10, waiting=0)
13:26:11.742 logback [HikariPool-1 housekeeper] DEBUG com.zaxxer.hikari.pool.HikariPool - HikariPool-1 - Fill pool skipped, pool is at sufficient level.
13:26:41.748 logback [HikariPool-1 housekeeper] DEBUG com.zaxxer.hikari.pool.HikariPool - HikariPool-1 - Pool stats (total=10, active=0, idle=10, waiting=0)
13:26:41.748 logback [HikariPool-1 housekeeper] DEBUG com.zaxxer.hikari.pool.HikariPool - HikariPool-1 - Fill pool skipped, pool is at sufficient level.
13:27:11.754 logback [HikariPool-1 housekeeper] DEBUG com.zaxxer.hikari.pool.HikariPool - HikariPool-1 - Pool stats (total=10, active=0, idle=10, waiting=0)
13:27:11.755 logback [HikariPool-1 housekeeper] DEBUG com.zaxxer.hikari.pool.HikariPool - HikariPool-1 - Fill pool skipped, pool is at sufficient level.
13:27:41.761 logback [HikariPool-1 housekeeper] DEBUG com.zaxxer.hikari.pool.HikariPool - HikariPool-1 - Pool stats (total=10, active=0, idle=10, waiting=0)
13:27:41.761 logback [HikariPool-1 housekeeper] DEBUG com.zaxxer.hikari.pool.HikariPool - HikariPool-1 - Fill pool skipped, pool is at sufficient level.
13:28:11.766 logback [HikariPool-1 housekeeper] DEBUG com.zaxxer.hikari.pool.HikariPool - HikariPool-1 - Pool stats (total=10, active=0, idle=10, waiting=0)
13:28:11.766 logback [HikariPool-1 housekeeper] DEBUG com.zaxxer.hikari.pool.HikariPool - HikariPool-1 - Fill pool skipped, pool is at sufficient level.
13:28:41.768 logback [HikariPool-1 housekeeper] DEBUG com.zaxxer.hikari.pool.HikariPool - HikariPool-1 - Pool stats (total=10, active=0, idle=10, waiting=0)
13:28:41.768 logback [HikariPool-1 housekeeper] DEBUG com.zaxxer.hikari.pool.HikariPool - HikariPool-1 - Fill pool skipped, pool is at sufficient level.
13:29:11.770 logback [HikariPool-1 housekeeper] DEBUG com.zaxxer.hikari.pool.HikariPool - HikariPool-1 - Pool stats (total=10, active=0, idle=10, waiting=0)
13:29:11.770 logback [HikariPool-1 housekeeper] DEBUG com.zaxxer.hikari.pool.HikariPool - HikariPool-1 - Fill pool skipped, pool is at sufficient level.
13:29:41.781 logback [HikariPool-1 housekeeper] DEBUG com.zaxxer.hikari.pool.HikariPool - HikariPool-1 - Pool stats (total=10, active=0, idle=10, waiting=0)
13:29:41.781 logback [HikariPool-1 housekeeper] DEBUG com.zaxxer.hikari.pool.HikariPool - HikariPool-1 - Fill pool skipped, pool is at sufficient level.
13:30:11.787 logback [HikariPool-1 housekeeper] DEBUG com.zaxxer.hikari.pool.HikariPool - HikariPool-1 - Pool stats (total=10, active=0, idle=10, waiting=0)
13:30:11.787 logback [HikariPool-1 housekeeper] DEBUG com.zaxxer.hikari.pool.HikariPool - HikariPool-1 - Fill pool skipped, pool is at sufficient level.
13:30:41.795 logback [HikariPool-1 housekeeper] DEBUG com.zaxxer.hikari.pool.HikariPool - HikariPool-1 - Pool stats (total=10, active=0, idle=10, waiting=0)
13:30:41.795 logback [HikariPool-1 housekeeper] DEBUG com.zaxxer.hikari.pool.HikariPool - HikariPool-1 - Fill pool skipped, pool is at sufficient level.
13:31:11.801 logback [HikariPool-1 housekeeper] DEBUG com.zaxxer.hikari.pool.HikariPool - HikariPool-1 - Pool stats (total=10, active=0, idle=10, waiting=0)
13:31:11.801 logback [HikariPool-1 housekeeper] DEBUG com.zaxxer.hikari.pool.HikariPool - HikariPool-1 - Fill pool skipped, pool is at sufficient level.
13:31:41.805 logback [HikariPool-1 housekeeper] DEBUG com.zaxxer.hikari.pool.HikariPool - HikariPool-1 - Pool stats (total=10, active=0, idle=10, waiting=0)
13:31:41.805 logback [HikariPool-1 housekeeper] DEBUG com.zaxxer.hikari.pool.HikariPool - HikariPool-1 - Fill pool skipped, pool is at sufficient level.
13:32:11.816 logback [HikariPool-1 housekeeper] DEBUG com.zaxxer.hikari.pool.HikariPool - HikariPool-1 - Pool stats (total=10, active=0, idle=10, waiting=0)
13:32:11.816 logback [HikariPool-1 housekeeper] DEBUG com.zaxxer.hikari.pool.HikariPool - HikariPool-1 - Fill pool skipped, pool is at sufficient level.
13:32:41.818 logback [HikariPool-1 housekeeper] DEBUG com.zaxxer.hikari.pool.HikariPool - HikariPool-1 - Pool stats (total=10, active=0, idle=10, waiting=0)
13:32:41.818 logback [HikariPool-1 housekeeper] DEBUG com.zaxxer.hikari.pool.HikariPool - HikariPool-1 - Fill pool skipped, pool is at sufficient level.
13:33:11.824 logback [HikariPool-1 housekeeper] DEBUG com.zaxxer.hikari.pool.HikariPool - HikariPool-1 - Pool stats (total=10, active=0, idle=10, waiting=0)
13:33:11.825 logback [HikariPool-1 housekeeper] DEBUG com.zaxxer.hikari.pool.HikariPool - HikariPool-1 - Fill pool skipped, pool is at sufficient level.
13:33:41.833 logback [HikariPool-1 housekeeper] DEBUG com.zaxxer.hikari.pool.HikariPool - HikariPool-1 - Pool stats (total=10, active=0, idle=10, waiting=0)
13:33:41.834 logback [HikariPool-1 housekeeper] DEBUG com.zaxxer.hikari.pool.HikariPool - HikariPool-1 - Fill pool skipped, pool is at sufficient level.
13:34:11.834 logback [HikariPool-1 housekeeper] DEBUG com.zaxxer.hikari.pool.HikariPool - HikariPool-1 - Pool stats (total=10, active=0, idle=10, waiting=0)
13:34:11.835 logback [HikariPool-1 housekeeper] DEBUG com.zaxxer.hikari.pool.HikariPool - HikariPool-1 - Fill pool skipped, pool is at sufficient level.
13:34:41.841 logback [HikariPool-1 housekeeper] DEBUG com.zaxxer.hikari.pool.HikariPool - HikariPool-1 - Pool stats (total=10, active=0, idle=10, waiting=0)
13:34:41.841 logback [HikariPool-1 housekeeper] DEBUG com.zaxxer.hikari.pool.HikariPool - HikariPool-1 - Fill pool skipped, pool is at sufficient level.
13:35:11.843 logback [HikariPool-1 housekeeper] DEBUG com.zaxxer.hikari.pool.HikariPool - HikariPool-1 - Pool stats (total=10, active=0, idle=10, waiting=0)
13:35:11.843 logback [HikariPool-1 housekeeper] DEBUG com.zaxxer.hikari.pool.HikariPool - HikariPool-1 - Fill pool skipped, pool is at sufficient level.
13:35:41.852 logback [HikariPool-1 housekeeper] DEBUG com.zaxxer.hikari.pool.HikariPool - HikariPool-1 - Pool stats (total=10, active=0, idle=10, waiting=0)
13:35:41.853 logback [HikariPool-1 housekeeper] DEBUG com.zaxxer.hikari.pool.HikariPool - HikariPool-1 - Fill pool skipped, pool is at sufficient level.
13:36:03.093 logback [HikariPool-1 connection closer] DEBUG com.zaxxer.hikari.pool.PoolBase - HikariPool-1 - Closing connection com.mysql.jdbc.JDBC4Connection@657203b1: (connection has passed maxLifetime)
13:36:03.109 logback [HikariPool-1 connection adder] DEBUG com.zaxxer.hikari.pool.HikariPool - HikariPool-1 - Added connection com.mysql.jdbc.JDBC4Connection@1bf118f5
13:36:11.863 logback [HikariPool-1 housekeeper] DEBUG com.zaxxer.hikari.pool.HikariPool - HikariPool-1 - Pool stats (total=10, active=0, idle=10, waiting=0)
13:36:11.863 logback [HikariPool-1 housekeeper] DEBUG com.zaxxer.hikari.pool.HikariPool - HikariPool-1 - Fill pool skipped, pool is at sufficient level.
13:36:12.927 logback [HikariPool-1 connection closer] DEBUG com.zaxxer.hikari.pool.PoolBase - HikariPool-1 - Closing connection com.mysql.jdbc.JDBC4Connection@4c618db2: (connection has passed maxLifetime)
13:36:12.942 logback [HikariPool-1 connection adder] DEBUG com.zaxxer.hikari.pool.HikariPool - HikariPool-1 - Added connection com.mysql.jdbc.JDBC4Connection@50ad5d4d
13:36:15.151 logback [HikariPool-1 connection closer] DEBUG com.zaxxer.hikari.pool.PoolBase - HikariPool-1 - Closing connection com.mysql.jdbc.JDBC4Connection@115f254: (connection has passed maxLifetime)
13:36:15.161 logback [HikariPool-1 connection adder] DEBUG com.zaxxer.hikari.pool.HikariPool - HikariPool-1 - Added connection com.mysql.jdbc.JDBC4Connection@3082a202
13:36:20.327 logback [HikariPool-1 connection closer] DEBUG com.zaxxer.hikari.pool.PoolBase - HikariPool-1 - Closing connection com.mysql.jdbc.JDBC4Connection@55dfcfe: (connection has passed maxLifetime)
13:36:20.334 logback [HikariPool-1 connection adder] DEBUG com.zaxxer.hikari.pool.HikariPool - HikariPool-1 - Added connection com.mysql.jdbc.JDBC4Connection@106624bf
13:36:21.913 logback [HikariPool-1 connection closer] DEBUG com.zaxxer.hikari.pool.PoolBase - HikariPool-1 - Closing connection com.mysql.jdbc.JDBC4Connection@370b30ed: (connection has passed maxLifetime)
13:36:21.928 logback [HikariPool-1 connection adder] DEBUG com.zaxxer.hikari.pool.HikariPool - HikariPool-1 - Added connection com.mysql.jdbc.JDBC4Connection@7049dbf0
13:36:29.879 logback [HikariPool-1 connection closer] DEBUG com.zaxxer.hikari.pool.PoolBase - HikariPool-1 - Closing connection com.mysql.jdbc.JDBC4Connection@5ce8c77a: (connection has passed maxLifetime)
13:36:29.897 logback [HikariPool-1 connection adder] DEBUG com.zaxxer.hikari.pool.HikariPool - HikariPool-1 - Added connection com.mysql.jdbc.JDBC4Connection@6729a07
13:36:32.439 logback [HikariPool-1 connection closer] DEBUG com.zaxxer.hikari.pool.PoolBase - HikariPool-1 - Closing connection com.mysql.jdbc.JDBC4Connection@65d0d21d: (connection has passed maxLifetime)
13:36:32.455 logback [HikariPool-1 connection adder] DEBUG com.zaxxer.hikari.pool.HikariPool - HikariPool-1 - Added connection com.mysql.jdbc.JDBC4Connection@7d303dde
13:36:32.756 logback [HikariPool-1 connection closer] DEBUG com.zaxxer.hikari.pool.PoolBase - HikariPool-1 - Closing connection com.mysql.jdbc.JDBC4Connection@113051a: (connection has passed maxLifetime)
13:36:32.767 logback [HikariPool-1 connection adder] DEBUG com.zaxxer.hikari.pool.HikariPool - HikariPool-1 - Added connection com.mysql.jdbc.JDBC4Connection@4126fba9
13:36:35.696 logback [HikariPool-1 connection closer] DEBUG com.zaxxer.hikari.pool.PoolBase - HikariPool-1 - Closing connection com.mysql.jdbc.JDBC4Connection@2d835e44: (connection has passed maxLifetime)
13:36:35.710 logback [HikariPool-1 connection adder] DEBUG com.zaxxer.hikari.pool.HikariPool - HikariPool-1 - Added connection com.mysql.jdbc.JDBC4Connection@4e9916b4
13:36:36.863 logback [HikariPool-1 connection closer] DEBUG com.zaxxer.hikari.pool.PoolBase - HikariPool-1 - Closing connection com.mysql.jdbc.JDBC4Connection@6c951ada: (connection has passed maxLifetime)
13:36:36.875 logback [HikariPool-1 connection adder] DEBUG com.zaxxer.hikari.pool.HikariPool - HikariPool-1 - Added connection com.mysql.jdbc.JDBC4Connection@5d028247
13:36:41.874 logback [HikariPool-1 housekeeper] DEBUG com.zaxxer.hikari.pool.HikariPool - HikariPool-1 - Pool stats (total=10, active=0, idle=10, waiting=0)
13:36:41.874 logback [HikariPool-1 housekeeper] DEBUG com.zaxxer.hikari.pool.HikariPool - HikariPool-1 - Fill pool skipped, pool is at sufficient level.
13:37:11.877 logback [HikariPool-1 housekeeper] DEBUG com.zaxxer.hikari.pool.HikariPool - HikariPool-1 - Pool stats (total=10, active=0, idle=10, waiting=0)
13:37:11.877 logback [HikariPool-1 housekeeper] DEBUG com.zaxxer.hikari.pool.HikariPool - HikariPool-1 - Fill pool skipped, pool is at sufficient level.
13:37:41.886 logback [HikariPool-1 housekeeper] DEBUG com.zaxxer.hikari.pool.HikariPool - HikariPool-1 - Pool stats (total=10, active=0, idle=10, waiting=0)
13:37:41.886 logback [HikariPool-1 housekeeper] DEBUG com.zaxxer.hikari.pool.HikariPool - HikariPool-1 - Fill pool skipped, pool is at sufficient level.
13:38:11.896 logback [HikariPool-1 housekeeper] DEBUG com.zaxxer.hikari.pool.HikariPool - HikariPool-1 - Pool stats (total=10, active=0, idle=10, waiting=0)
13:38:11.896 logback [HikariPool-1 housekeeper] DEBUG com.zaxxer.hikari.pool.HikariPool - HikariPool-1 - Fill pool skipped, pool is at sufficient level.
13:38:41.903 logback [HikariPool-1 housekeeper] DEBUG com.zaxxer.hikari.pool.HikariPool - HikariPool-1 - Pool stats (total=10, active=0, idle=10, waiting=0)
13:38:41.903 logback [HikariPool-1 housekeeper] DEBUG com.zaxxer.hikari.pool.HikariPool - HikariPool-1 - Fill pool skipped, pool is at sufficient level.
13:39:11.912 logback [HikariPool-1 housekeeper] DEBUG com.zaxxer.hikari.pool.HikariPool - HikariPool-1 - Pool stats (total=10, active=0, idle=10, waiting=0)
13:39:11.913 logback [HikariPool-1 housekeeper] DEBUG com.zaxxer.hikari.pool.HikariPool - HikariPool-1 - Fill pool skipped, pool is at sufficient level.
13:39:41.915 logback [HikariPool-1 housekeeper] DEBUG com.zaxxer.hikari.pool.HikariPool - HikariPool-1 - Pool stats (total=10, active=0, idle=10, waiting=0)
13:39:41.915 logback [HikariPool-1 housekeeper] DEBUG com.zaxxer.hikari.pool.HikariPool - HikariPool-1 - Fill pool skipped, pool is at sufficient level.
13:40:11.920 logback [HikariPool-1 housekeeper] DEBUG com.zaxxer.hikari.pool.HikariPool - HikariPool-1 - Pool stats (total=10, active=0, idle=10, waiting=0)
13:40:11.920 logback [HikariPool-1 housekeeper] DEBUG com.zaxxer.hikari.pool.HikariPool - HikariPool-1 - Fill pool skipped, pool is at sufficient level.
13:40:41.926 logback [HikariPool-1 housekeeper] DEBUG com.zaxxer.hikari.pool.HikariPool - HikariPool-1 - Pool stats (total=10, active=0, idle=10, waiting=0)
13:40:41.926 logback [HikariPool-1 housekeeper] DEBUG com.zaxxer.hikari.pool.HikariPool - HikariPool-1 - Fill pool skipped, pool is at sufficient level.
13:41:11.937 logback [HikariPool-1 housekeeper] DEBUG com.zaxxer.hikari.pool.HikariPool - HikariPool-1 - Pool stats (total=10, active=0, idle=10, waiting=0)
13:41:11.937 logback [HikariPool-1 housekeeper] DEBUG com.zaxxer.hikari.pool.HikariPool - HikariPool-1 - Fill pool skipped, pool is at sufficient level.
13:41:41.941 logback [HikariPool-1 housekeeper] DEBUG com.zaxxer.hikari.pool.HikariPool - HikariPool-1 - Pool stats (total=10, active=0, idle=10, waiting=0)
13:41:41.941 logback [HikariPool-1 housekeeper] DEBUG com.zaxxer.hikari.pool.HikariPool - HikariPool-1 - Fill pool skipped, pool is at sufficient level.
13:42:11.943 logback [HikariPool-1 housekeeper] DEBUG com.zaxxer.hikari.pool.HikariPool - HikariPool-1 - Pool stats (total=10, active=0, idle=10, waiting=0)
13:42:11.943 logback [HikariPool-1 housekeeper] DEBUG com.zaxxer.hikari.pool.HikariPool - HikariPool-1 - Fill pool skipped, pool is at sufficient level.
13:42:41.947 logback [HikariPool-1 housekeeper] DEBUG com.zaxxer.hikari.pool.HikariPool - HikariPool-1 - Pool stats (total=10, active=0, idle=10, waiting=0)
13:42:41.947 logback [HikariPool-1 housekeeper] DEBUG com.zaxxer.hikari.pool.HikariPool - HikariPool-1 - Fill pool skipped, pool is at sufficient level.
13:43:11.956 logback [HikariPool-1 housekeeper] DEBUG com.zaxxer.hikari.pool.HikariPool - HikariPool-1 - Pool stats (total=10, active=0, idle=10, waiting=0)
13:43:11.956 logback [HikariPool-1 housekeeper] DEBUG com.zaxxer.hikari.pool.HikariPool - HikariPool-1 - Fill pool skipped, pool is at sufficient level.
13:43:41.959 logback [HikariPool-1 housekeeper] DEBUG com.zaxxer.hikari.pool.HikariPool - HikariPool-1 - Pool stats (total=10, active=0, idle=10, waiting=0)
13:43:41.959 logback [HikariPool-1 housekeeper] DEBUG com.zaxxer.hikari.pool.HikariPool - HikariPool-1 - Fill pool skipped, pool is at sufficient level.
13:44:11.964 logback [HikariPool-1 housekeeper] DEBUG com.zaxxer.hikari.pool.HikariPool - HikariPool-1 - Pool stats (total=10, active=0, idle=10, waiting=0)
13:44:11.969 logback [HikariPool-1 housekeeper] DEBUG com.zaxxer.hikari.pool.HikariPool - HikariPool-1 - Fill pool skipped, pool is at sufficient level.
13:44:41.976 logback [HikariPool-1 housekeeper] DEBUG com.zaxxer.hikari.pool.HikariPool - HikariPool-1 - Pool stats (total=10, active=0, idle=10, waiting=0)
13:44:41.976 logback [HikariPool-1 housekeeper] DEBUG com.zaxxer.hikari.pool.HikariPool - HikariPool-1 - Fill pool skipped, pool is at sufficient level.
13:45:11.983 logback [HikariPool-1 housekeeper] DEBUG com.zaxxer.hikari.pool.HikariPool - HikariPool-1 - Pool stats (total=10, active=0, idle=10, waiting=0)
13:45:11.984 logback [HikariPool-1 housekeeper] DEBUG com.zaxxer.hikari.pool.HikariPool - HikariPool-1 - Fill pool skipped, pool is at sufficient level.
13:45:41.989 logback [HikariPool-1 housekeeper] DEBUG com.zaxxer.hikari.pool.HikariPool - HikariPool-1 - Pool stats (total=10, active=0, idle=10, waiting=0)
13:45:41.989 logback [HikariPool-1 housekeeper] DEBUG com.zaxxer.hikari.pool.HikariPool - HikariPool-1 - Fill pool skipped, pool is at sufficient level.
13:46:11.996 logback [HikariPool-1 housekeeper] DEBUG com.zaxxer.hikari.pool.HikariPool - HikariPool-1 - Pool stats (total=10, active=0, idle=10, waiting=0)
13:46:11.996 logback [HikariPool-1 housekeeper] DEBUG com.zaxxer.hikari.pool.HikariPool - HikariPool-1 - Fill pool skipped, pool is at sufficient level.
13:46:42.005 logback [HikariPool-1 housekeeper] DEBUG com.zaxxer.hikari.pool.HikariPool - HikariPool-1 - Pool stats (total=10, active=0, idle=10, waiting=0)
13:46:42.005 logback [HikariPool-1 housekeeper] DEBUG com.zaxxer.hikari.pool.HikariPool - HikariPool-1 - Fill pool skipped, pool is at sufficient level.
13:47:12.013 logback [HikariPool-1 housekeeper] DEBUG com.zaxxer.hikari.pool.HikariPool - HikariPool-1 - Pool stats (total=10, active=0, idle=10, waiting=0)
13:47:12.013 logback [HikariPool-1 housekeeper] DEBUG com.zaxxer.hikari.pool.HikariPool - HikariPool-1 - Fill pool skipped, pool is at sufficient level.
13:47:42.016 logback [HikariPool-1 housekeeper] DEBUG com.zaxxer.hikari.pool.HikariPool - HikariPool-1 - Pool stats (total=10, active=0, idle=10, waiting=0)
13:47:42.016 logback [HikariPool-1 housekeeper] DEBUG com.zaxxer.hikari.pool.HikariPool - HikariPool-1 - Fill pool skipped, pool is at sufficient level.
13:48:12.022 logback [HikariPool-1 housekeeper] DEBUG com.zaxxer.hikari.pool.HikariPool - HikariPool-1 - Pool stats (total=10, active=0, idle=10, waiting=0)
13:48:12.028 logback [HikariPool-1 housekeeper] DEBUG com.zaxxer.hikari.pool.HikariPool - HikariPool-1 - Fill pool skipped, pool is at sufficient level.
13:48:42.029 logback [HikariPool-1 housekeeper] DEBUG com.zaxxer.hikari.pool.HikariPool - HikariPool-1 - Pool stats (total=10, active=0, idle=10, waiting=0)
13:48:42.029 logback [HikariPool-1 housekeeper] DEBUG com.zaxxer.hikari.pool.HikariPool - HikariPool-1 - Fill pool skipped, pool is at sufficient level.
13:49:12.030 logback [HikariPool-1 housekeeper] DEBUG com.zaxxer.hikari.pool.HikariPool - HikariPool-1 - Pool stats (total=10, active=0, idle=10, waiting=0)
13:49:12.031 logback [HikariPool-1 housekeeper] DEBUG com.zaxxer.hikari.pool.HikariPool - HikariPool-1 - Fill pool skipped, pool is at sufficient level.
13:49:25.645 logback [SpringApplicationShutdownHook] INFO  com.zaxxer.hikari.HikariDataSource - HikariPool-1 - Shutdown initiated...
13:49:25.645 logback [SpringApplicationShutdownHook] DEBUG com.zaxxer.hikari.pool.HikariPool - HikariPool-1 - Before shutdown stats (total=10, active=0, idle=10, waiting=0)
13:49:25.646 logback [HikariPool-1 connection closer] DEBUG com.zaxxer.hikari.pool.PoolBase - HikariPool-1 - Closing connection com.mysql.jdbc.JDBC4Connection@1bf118f5: (connection evicted)
13:49:25.647 logback [HikariPool-1 connection closer] DEBUG com.zaxxer.hikari.pool.PoolBase - HikariPool-1 - Closing connection com.mysql.jdbc.JDBC4Connection@50ad5d4d: (connection evicted)
13:49:25.648 logback [HikariPool-1 connection closer] DEBUG com.zaxxer.hikari.pool.PoolBase - HikariPool-1 - Closing connection com.mysql.jdbc.JDBC4Connection@3082a202: (connection evicted)
13:49:25.649 logback [HikariPool-1 connection closer] DEBUG com.zaxxer.hikari.pool.PoolBase - HikariPool-1 - Closing connection com.mysql.jdbc.JDBC4Connection@106624bf: (connection evicted)
13:49:25.649 logback [HikariPool-1 connection closer] DEBUG com.zaxxer.hikari.pool.PoolBase - HikariPool-1 - Closing connection com.mysql.jdbc.JDBC4Connection@7049dbf0: (connection evicted)
13:49:25.650 logback [HikariPool-1 connection closer] DEBUG com.zaxxer.hikari.pool.PoolBase - HikariPool-1 - Closing connection com.mysql.jdbc.JDBC4Connection@6729a07: (connection evicted)
13:49:25.650 logback [HikariPool-1 connection closer] DEBUG com.zaxxer.hikari.pool.PoolBase - HikariPool-1 - Closing connection com.mysql.jdbc.JDBC4Connection@7d303dde: (connection evicted)
13:49:25.650 logback [HikariPool-1 connection closer] DEBUG com.zaxxer.hikari.pool.PoolBase - HikariPool-1 - Closing connection com.mysql.jdbc.JDBC4Connection@4126fba9: (connection evicted)
13:49:25.650 logback [HikariPool-1 connection closer] DEBUG com.zaxxer.hikari.pool.PoolBase - HikariPool-1 - Closing connection com.mysql.jdbc.JDBC4Connection@4e9916b4: (connection evicted)
13:49:25.651 logback [HikariPool-1 connection closer] DEBUG com.zaxxer.hikari.pool.PoolBase - HikariPool-1 - Closing connection com.mysql.jdbc.JDBC4Connection@5d028247: (connection evicted)
13:49:25.653 logback [SpringApplicationShutdownHook] DEBUG com.zaxxer.hikari.pool.HikariPool - HikariPool-1 - After shutdown stats (total=0, active=0, idle=0, waiting=0)
13:49:25.653 logback [SpringApplicationShutdownHook] INFO  com.zaxxer.hikari.HikariDataSource - HikariPool-1 - Shutdown completed.
13:49:25.660 logback [SpringApplicationShutdownHook] DEBUG o.e.c.s.DefaultStatisticsService - Cache removed loginMaxTry
13:49:25.665 logback [SpringApplicationShutdownHook] DEBUG o.e.s.o.t.o.p.UpfrontAllocatingPageSource - Freeing a 32B buffer from chunk 0 &0
13:49:25.665 logback [SpringApplicationShutdownHook] DEBUG o.e.s.o.t.o.p.UpfrontAllocatingPageSource - Freeing a 32B buffer from chunk 0 &32
13:49:25.665 logback [SpringApplicationShutdownHook] DEBUG o.e.s.o.t.o.p.UpfrontAllocatingPageSource - Freeing a 32B buffer from chunk 0 &64
13:49:25.665 logback [SpringApplicationShutdownHook] DEBUG o.e.s.o.t.o.p.UpfrontAllocatingPageSource - Freeing a 32B buffer from chunk 0 &96
13:49:25.665 logback [SpringApplicationShutdownHook] DEBUG o.e.s.o.t.o.p.UpfrontAllocatingPageSource - Freeing a 32B buffer from chunk 0 &128
13:49:25.665 logback [SpringApplicationShutdownHook] DEBUG o.e.s.o.t.o.p.UpfrontAllocatingPageSource - Freeing a 32B buffer from chunk 0 &160
13:49:25.665 logback [SpringApplicationShutdownHook] DEBUG o.e.s.o.t.o.p.UpfrontAllocatingPageSource - Freeing a 32B buffer from chunk 0 &192
13:49:25.665 logback [SpringApplicationShutdownHook] DEBUG o.e.s.o.t.o.p.UpfrontAllocatingPageSource - Freeing a 2KB buffer from chunk 0 &1046528
13:49:25.665 logback [SpringApplicationShutdownHook] DEBUG o.e.s.o.t.o.p.UpfrontAllocatingPageSource - Freeing a 32B buffer from chunk 0 &224
13:49:25.665 logback [SpringApplicationShutdownHook] DEBUG o.e.s.o.t.o.p.UpfrontAllocatingPageSource - Freeing a 32B buffer from chunk 0 &256
13:49:25.665 logback [SpringApplicationShutdownHook] DEBUG o.e.s.o.t.o.p.UpfrontAllocatingPageSource - Freeing a 32B buffer from chunk 0 &288
13:49:25.665 logback [SpringApplicationShutdownHook] DEBUG o.e.s.o.t.o.p.UpfrontAllocatingPageSource - Freeing a 32B buffer from chunk 0 &320
13:49:25.666 logback [SpringApplicationShutdownHook] DEBUG o.e.s.o.t.o.p.UpfrontAllocatingPageSource - Freeing a 32B buffer from chunk 0 &352
13:49:25.666 logback [SpringApplicationShutdownHook] DEBUG o.e.s.o.t.o.p.UpfrontAllocatingPageSource - Freeing a 32B buffer from chunk 0 &384
13:49:25.666 logback [SpringApplicationShutdownHook] DEBUG o.e.s.o.t.o.p.UpfrontAllocatingPageSource - Freeing a 32B buffer from chunk 0 &416
13:49:25.666 logback [SpringApplicationShutdownHook] DEBUG o.e.s.o.t.o.p.UpfrontAllocatingPageSource - Freeing a 32B buffer from chunk 0 &448
13:49:25.666 logback [SpringApplicationShutdownHook] DEBUG o.e.s.o.t.o.p.UpfrontAllocatingPageSource - Freeing a 32B buffer from chunk 0 &480
13:49:25.666 logback [SpringApplicationShutdownHook] DEBUG c.ehcache.core.Ehcache-loginMaxTry - Close successful.
13:49:25.666 logback [SpringApplicationShutdownHook] INFO  org.ehcache.core.EhcacheManager - Cache 'loginMaxTry' removed from EhcacheManager.
13:49:25.666 logback [SpringApplicationShutdownHook] DEBUG o.e.c.s.DefaultStatisticsService - Cache removed acUser
13:49:25.667 logback [SpringApplicationShutdownHook] DEBUG o.e.s.o.t.o.p.UpfrontAllocatingPageSource - Freeing a 32B buffer from chunk 0 &0
13:49:25.667 logback [SpringApplicationShutdownHook] DEBUG o.e.s.o.t.o.p.UpfrontAllocatingPageSource - Freeing a 32B buffer from chunk 0 &32
13:49:25.667 logback [SpringApplicationShutdownHook] DEBUG o.e.s.o.t.o.p.UpfrontAllocatingPageSource - Freeing a 32B buffer from chunk 0 &64
13:49:25.667 logback [SpringApplicationShutdownHook] DEBUG o.e.s.o.t.o.p.UpfrontAllocatingPageSource - Freeing a 32B buffer from chunk 0 &96
13:49:25.667 logback [SpringApplicationShutdownHook] DEBUG o.e.s.o.t.o.p.UpfrontAllocatingPageSource - Freeing a 32B buffer from chunk 0 &128
13:49:25.667 logback [SpringApplicationShutdownHook] DEBUG o.e.s.o.t.o.p.UpfrontAllocatingPageSource - Freeing a 32B buffer from chunk 0 &160
13:49:25.667 logback [SpringApplicationShutdownHook] DEBUG o.e.s.o.t.o.p.UpfrontAllocatingPageSource - Freeing a 32B buffer from chunk 0 &192
13:49:25.667 logback [SpringApplicationShutdownHook] DEBUG o.e.s.o.t.o.p.UpfrontAllocatingPageSource - Freeing a 32B buffer from chunk 0 &224
13:49:25.667 logback [SpringApplicationShutdownHook] DEBUG o.e.s.o.t.o.p.UpfrontAllocatingPageSource - Freeing a 32B buffer from chunk 0 &256
13:49:25.667 logback [SpringApplicationShutdownHook] DEBUG o.e.s.o.t.o.p.UpfrontAllocatingPageSource - Freeing a 32B buffer from chunk 0 &288
13:49:25.668 logback [SpringApplicationShutdownHook] DEBUG o.e.s.o.t.o.p.UpfrontAllocatingPageSource - Freeing a 32B buffer from chunk 0 &320
13:49:25.668 logback [SpringApplicationShutdownHook] DEBUG o.e.s.o.t.o.p.UpfrontAllocatingPageSource - Freeing a 32B buffer from chunk 0 &352
13:49:25.668 logback [SpringApplicationShutdownHook] DEBUG o.e.s.o.t.o.p.UpfrontAllocatingPageSource - Freeing a 32B buffer from chunk 0 &384
13:49:25.668 logback [SpringApplicationShutdownHook] DEBUG o.e.s.o.t.o.p.UpfrontAllocatingPageSource - Freeing a 32B buffer from chunk 0 &416
13:49:25.668 logback [SpringApplicationShutdownHook] DEBUG o.e.s.o.t.o.p.UpfrontAllocatingPageSource - Freeing a 32B buffer from chunk 0 &448
13:49:25.668 logback [SpringApplicationShutdownHook] DEBUG o.e.s.o.t.o.p.UpfrontAllocatingPageSource - Freeing a 32B buffer from chunk 0 &480
13:49:25.668 logback [SpringApplicationShutdownHook] DEBUG c.ehcache.core.Ehcache-acUser - Close successful.
13:49:25.668 logback [SpringApplicationShutdownHook] INFO  org.ehcache.core.EhcacheManager - Cache 'acUser' removed from EhcacheManager.
13:49:25.668 logback [SpringApplicationShutdownHook] DEBUG org.ehcache.core.spi.ServiceLocator - Stopping 21 Services...
13:49:25.676 logback [SpringApplicationShutdownHook] DEBUG o.e.i.p.DefaultLocalPersistenceService - RootDirectory Unlocked
13:49:25.676 logback [SpringApplicationShutdownHook] DEBUG o.e.c.s.DefaultStatisticsService - Stopping service
13:49:25.676 logback [SpringApplicationShutdownHook] DEBUG org.ehcache.core.spi.ServiceLocator - All Services successfully stopped, 21 Services in 8ms
13:49:25.676 logback [SpringApplicationShutdownHook] DEBUG org.ehcache.core.EhcacheManager - Close successful.
